{"level":"info","message":"📥 MongoDB connected successfully","service":"futurepad-server","timestamp":"2025-10-18 21:51:46"}
{"level":"info","message":"✅ Server is running on port 3000","service":"futurepad-server","timestamp":"2025-10-18 21:51:46"}
{"level":"info","message":"Environment: development","service":"futurepad-server","timestamp":"2025-10-18 21:51:46"}
{"level":"info","message":"SIGINT signal received: closing HTTP server","service":"futurepad-server","timestamp":"2025-10-18 22:38:31"}
{"level":"info","message":"📥 MongoDB connected successfully","service":"futurepad-server","timestamp":"2025-10-18 22:38:34"}
{"level":"info","message":"✅ Server is running on port 3000","service":"futurepad-server","timestamp":"2025-10-18 22:38:34"}
{"level":"info","message":"Environment: development","service":"futurepad-server","timestamp":"2025-10-18 22:38:34"}
{"level":"info","message":"User profile updated","service":"futurepad-server","timestamp":"2025-10-18 22:42:28","userId":"68ef51a51128aeb0582a3a42"}
{"code":"ENOTFOUND","hostname":"_mongodb._tcp.futurepaddb.q5k1fyb.mongodb.net","level":"error","message":"MongoDB connection error (attempt 1/5): querySrv ENOTFOUND _mongodb._tcp.futurepaddb.q5k1fyb.mongodb.net","service":"futurepad-server","stack":"Error: querySrv ENOTFOUND _mongodb._tcp.futurepaddb.q5k1fyb.mongodb.net\n    at QueryReqWrap.onresolve [as oncomplete] (node:internal/dns/promises:293:17)","syscall":"querySrv","timestamp":"2025-12-16 21:24:24"}
{"code":"ENOTFOUND","hostname":"_mongodb._tcp.futurepaddb.q5k1fyb.mongodb.net","level":"error","message":"MongoDB connection error (attempt 2/5): querySrv ENOTFOUND _mongodb._tcp.futurepaddb.q5k1fyb.mongodb.net","service":"futurepad-server","stack":"Error: querySrv ENOTFOUND _mongodb._tcp.futurepaddb.q5k1fyb.mongodb.net\n    at QueryReqWrap.onresolve [as oncomplete] (node:internal/dns/promises:293:17)","syscall":"querySrv","timestamp":"2025-12-16 21:24:30"}
{"code":"ENOTFOUND","hostname":"_mongodb._tcp.futurepaddb.q5k1fyb.mongodb.net","level":"error","message":"MongoDB connection error (attempt 3/5): querySrv ENOTFOUND _mongodb._tcp.futurepaddb.q5k1fyb.mongodb.net","service":"futurepad-server","stack":"Error: querySrv ENOTFOUND _mongodb._tcp.futurepaddb.q5k1fyb.mongodb.net\n    at QueryReqWrap.onresolve [as oncomplete] (node:internal/dns/promises:293:17)","syscall":"querySrv","timestamp":"2025-12-16 21:24:35"}
{"code":"ENOTFOUND","hostname":"_mongodb._tcp.futurepaddb.q5k1fyb.mongodb.net","level":"error","message":"MongoDB connection error (attempt 4/5): querySrv ENOTFOUND _mongodb._tcp.futurepaddb.q5k1fyb.mongodb.net","service":"futurepad-server","stack":"Error: querySrv ENOTFOUND _mongodb._tcp.futurepaddb.q5k1fyb.mongodb.net\n    at QueryReqWrap.onresolve [as oncomplete] (node:internal/dns/promises:293:17)","syscall":"querySrv","timestamp":"2025-12-16 21:24:40"}
{"code":"ENOTFOUND","hostname":"_mongodb._tcp.futurepaddb.q5k1fyb.mongodb.net","level":"error","message":"MongoDB connection error (attempt 5/5): querySrv ENOTFOUND _mongodb._tcp.futurepaddb.q5k1fyb.mongodb.net","service":"futurepad-server","stack":"Error: querySrv ENOTFOUND _mongodb._tcp.futurepaddb.q5k1fyb.mongodb.net\n    at QueryReqWrap.onresolve [as oncomplete] (node:internal/dns/promises:293:17)","syscall":"querySrv","timestamp":"2025-12-16 21:24:45"}
{"level":"info","message":"📥 MongoDB connected successfully","service":"futurepad-server","timestamp":"2025-12-16 21:31:28"}
{"level":"info","message":"✅ Server is running on port 8080","service":"futurepad-server","timestamp":"2025-12-16 21:31:28"}
{"level":"info","message":"Environment: development","service":"futurepad-server","timestamp":"2025-12-16 21:31:28"}
{"errors":[{"location":"body","msg":"Password must contain at least one uppercase letter","path":"password","type":"field","value":"123456abc"},{"location":"body","msg":"Password must contain at least one special character (@$!%*?&#)","path":"password","type":"field","value":"123456abc"}],"level":"warn","message":"Registration validation failed","service":"futurepad-server","timestamp":"2025-12-16 21:57:46"}
{"errors":[{"location":"body","msg":"Password must contain at least one special character (@$!%*?&#)","path":"password","type":"field","value":"123456Abc"}],"level":"warn","message":"Registration validation failed","service":"futurepad-server","timestamp":"2025-12-16 21:58:48"}
{"email":"umairkhan@gmail.com","level":"info","message":"New user registered","service":"futurepad-server","timestamp":"2025-12-16 21:59:44","userId":"69419000d97ed4811fb5e1e6"}
{"letterId":"69419023d97ed4811fb5e1eb","level":"info","message":"Letter created successfully","service":"futurepad-server","timestamp":"2025-12-16 22:00:20","userId":"69419000d97ed4811fb5e1e6"}
{"level":"info","message":"Processing 1 images for new letter","service":"futurepad-server","timestamp":"2025-12-16 22:01:36","userId":"69419000d97ed4811fb5e1e6"}
{"level":"info","message":"Successfully processed 1 images","service":"futurepad-server","timestamp":"2025-12-16 22:01:36","userId":"69419000d97ed4811fb5e1e6"}
{"letterId":"69419070d97ed4811fb5e1f2","level":"info","message":"Letter created successfully","service":"futurepad-server","timestamp":"2025-12-16 22:01:36","userId":"69419000d97ed4811fb5e1e6"}
